<?xml version="1.0" encoding="UTF-8"?>
<!-- Generated by org.testng.reporters.JUnitReportReporter -->
<testsuite skipped="0" hostname="DESKTOP-B0390S4" name="TestCase.Appointment" tests="1" failures="0" timestamp="16 Jul 2018 04:22:34 GMT" time="0.693" errors="0">
  <testcase name="testExcel" time="0.693" classname="TestCase.Appointment"/>
</testsuite> <!-- TestCase.Appointment -->
