<?xml version="1.0" encoding="UTF-8"?>
<!-- Generated by org.testng.reporters.JUnitReportReporter -->
<testsuite skipped="0" hostname="DESKTOP-B0390S4" name="TestCase.TestOpenApp" tests="1" failures="0" timestamp="13 Jul 2018 04:31:59 GMT" time="0.243" errors="0">
  <testcase name="invalidLoginTest_InvalidUserNameInvalidPassword" time="0.243" classname="TestCase.TestOpenApp"/>
</testsuite> <!-- TestCase.TestOpenApp -->
